[2021-08-06 20:16:01] local.ERROR: Command "php" is not defined. {"exception":"[object] (Symfony\\Component\\Console\\Exception\\CommandNotFoundException(code: 0): Command \"php\" is not defined. at /Applications/XAMPP/xamppfiles/htdocs/laravel-sanctum-api/vendor/symfony/console/Application.php:678)
[stacktrace]
#0 /Applications/XAMPP/xamppfiles/htdocs/laravel-sanctum-api/vendor/symfony/console/Application.php(255): Symfony\\Component\\Console\\Application->find('php')
#1 /Applications/XAMPP/xamppfiles/htdocs/laravel-sanctum-api/vendor/symfony/console/Application.php(167): Symfony\\Component\\Console\\Application->doRun(Object(Symfony\\Component\\Console\\Input\\ArgvInput), Object(Symfony\\Component\\Console\\Output\\ConsoleOutput))
#2 /Applications/XAMPP/xamppfiles/htdocs/laravel-sanctum-api/vendor/laravel/framework/src/Illuminate/Console/Application.php(92): Symfony\\Component\\Console\\Application->run(Object(Symfony\\Component\\Console\\Input\\ArgvInput), Object(Symfony\\Component\\Console\\Output\\ConsoleOutput))
#3 /Applications/XAMPP/xamppfiles/htdocs/laravel-sanctum-api/vendor/laravel/framework/src/Illuminate/Foundation/Console/Kernel.php(129): Illuminate\\Console\\Application->run(Object(Symfony\\Component\\Console\\Input\\ArgvInput), Object(Symfony\\Component\\Console\\Output\\ConsoleOutput))
#4 /Applications/XAMPP/xamppfiles/htdocs/laravel-sanctum-api/artisan(37): Illuminate\\Foundation\\Console\\Kernel->handle(Object(Symfony\\Component\\Console\\Input\\ArgvInput), Object(Symfony\\Component\\Console\\Output\\ConsoleOutput))
#5 {main}
"} 
[2021-08-06 20:16:39] local.ERROR: The /Applications/XAMPP/xamppfiles/htdocs/laravel-sanctum-api/bootstrap/cache directory must be present and writable. {"exception":"[object] (Exception(code: 0): The /Applications/XAMPP/xamppfiles/htdocs/laravel-sanctum-api/bootstrap/cache directory must be present and writable. at /Applications/XAMPP/xamppfiles/htdocs/laravel-sanctum-api/vendor/laravel/framework/src/Illuminate/Foundation/PackageManifest.php:177)
[stacktrace]
#0 /Applications/XAMPP/xamppfiles/htdocs/laravel-sanctum-api/vendor/laravel/framework/src/Illuminate/Foundation/PackageManifest.php(136): Illuminate\\Foundation\\PackageManifest->write(Array)
#1 /Applications/XAMPP/xamppfiles/htdocs/laravel-sanctum-api/vendor/laravel/framework/src/Illuminate/Foundation/PackageManifest.php(106): Illuminate\\Foundation\\PackageManifest->build()
#2 /Applications/XAMPP/xamppfiles/htdocs/laravel-sanctum-api/vendor/laravel/framework/src/Illuminate/Foundation/PackageManifest.php(89): Illuminate\\Foundation\\PackageManifest->getManifest()
#3 /Applications/XAMPP/xamppfiles/htdocs/laravel-sanctum-api/vendor/laravel/framework/src/Illuminate/Foundation/PackageManifest.php(78): Illuminate\\Foundation\\PackageManifest->config('aliases')
#4 /Applications/XAMPP/xamppfiles/htdocs/laravel-sanctum-api/vendor/laravel/framework/src/Illuminate/Foundation/Bootstrap/RegisterFacades.php(26): Illuminate\\Foundation\\PackageManifest->aliases()
#5 /Applications/XAMPP/xamppfiles/htdocs/laravel-sanctum-api/vendor/laravel/framework/src/Illuminate/Foundation/Application.php(237): Illuminate\\Foundation\\Bootstrap\\RegisterFacades->bootstrap(Object(Illuminate\\Foundation\\Application))
#6 /Applications/XAMPP/xamppfiles/htdocs/laravel-sanctum-api/vendor/laravel/framework/src/Illuminate/Foundation/Console/Kernel.php(310): Illuminate\\Foundation\\Application->bootstrapWith(Array)
#7 /Applications/XAMPP/xamppfiles/htdocs/laravel-sanctum-api/vendor/laravel/framework/src/Illuminate/Foundation/Console/Kernel.php(127): Illuminate\\Foundation\\Console\\Kernel->bootstrap()
#8 /Applications/XAMPP/xamppfiles/htdocs/laravel-sanctum-api/artisan(37): Illuminate\\Foundation\\Console\\Kernel->handle(Object(Symfony\\Component\\Console\\Input\\ArgvInput), Object(Symfony\\Component\\Console\\Output\\ConsoleOutput))
#9 {main}
"} 
[2021-08-06 20:16:46] local.ERROR: The /Applications/XAMPP/xamppfiles/htdocs/laravel-sanctum-api/bootstrap/cache directory must be present and writable. {"exception":"[object] (Exception(code: 0): The /Applications/XAMPP/xamppfiles/htdocs/laravel-sanctum-api/bootstrap/cache directory must be present and writable. at /Applications/XAMPP/xamppfiles/htdocs/laravel-sanctum-api/vendor/laravel/framework/src/Illuminate/Foundation/PackageManifest.php:177)
[stacktrace]
#0 /Applications/XAMPP/xamppfiles/htdocs/laravel-sanctum-api/vendor/laravel/framework/src/Illuminate/Foundation/PackageManifest.php(136): Illuminate\\Foundation\\PackageManifest->write(Array)
#1 /Applications/XAMPP/xamppfiles/htdocs/laravel-sanctum-api/vendor/laravel/framework/src/Illuminate/Foundation/PackageManifest.php(106): Illuminate\\Foundation\\PackageManifest->build()
#2 /Applications/XAMPP/xamppfiles/htdocs/laravel-sanctum-api/vendor/laravel/framework/src/Illuminate/Foundation/PackageManifest.php(89): Illuminate\\Foundation\\PackageManifest->getManifest()
#3 /Applications/XAMPP/xamppfiles/htdocs/laravel-sanctum-api/vendor/laravel/framework/src/Illuminate/Foundation/PackageManifest.php(78): Illuminate\\Foundation\\PackageManifest->config('aliases')
#4 /Applications/XAMPP/xamppfiles/htdocs/laravel-sanctum-api/vendor/laravel/framework/src/Illuminate/Foundation/Bootstrap/RegisterFacades.php(26): Illuminate\\Foundation\\PackageManifest->aliases()
#5 /Applications/XAMPP/xamppfiles/htdocs/laravel-sanctum-api/vendor/laravel/framework/src/Illuminate/Foundation/Application.php(237): Illuminate\\Foundation\\Bootstrap\\RegisterFacades->bootstrap(Object(Illuminate\\Foundation\\Application))
#6 /Applications/XAMPP/xamppfiles/htdocs/laravel-sanctum-api/vendor/laravel/framework/src/Illuminate/Foundation/Console/Kernel.php(310): Illuminate\\Foundation\\Application->bootstrapWith(Array)
#7 /Applications/XAMPP/xamppfiles/htdocs/laravel-sanctum-api/vendor/laravel/framework/src/Illuminate/Foundation/Console/Kernel.php(127): Illuminate\\Foundation\\Console\\Kernel->bootstrap()
#8 /Applications/XAMPP/xamppfiles/htdocs/laravel-sanctum-api/artisan(37): Illuminate\\Foundation\\Console\\Kernel->handle(Object(Symfony\\Component\\Console\\Input\\ArgvInput), Object(Symfony\\Component\\Console\\Output\\ConsoleOutput))
#9 {main}
"} 
[2021-08-06 20:16:55] local.ERROR: The /Applications/XAMPP/xamppfiles/htdocs/laravel-sanctum-api/bootstrap/cache directory must be present and writable. {"exception":"[object] (Exception(code: 0): The /Applications/XAMPP/xamppfiles/htdocs/laravel-sanctum-api/bootstrap/cache directory must be present and writable. at /Applications/XAMPP/xamppfiles/htdocs/laravel-sanctum-api/vendor/laravel/framework/src/Illuminate/Foundation/PackageManifest.php:177)
[stacktrace]
#0 /Applications/XAMPP/xamppfiles/htdocs/laravel-sanctum-api/vendor/laravel/framework/src/Illuminate/Foundation/PackageManifest.php(136): Illuminate\\Foundation\\PackageManifest->write(Array)
#1 /Applications/XAMPP/xamppfiles/htdocs/laravel-sanctum-api/vendor/laravel/framework/src/Illuminate/Foundation/PackageManifest.php(106): Illuminate\\Foundation\\PackageManifest->build()
#2 /Applications/XAMPP/xamppfiles/htdocs/laravel-sanctum-api/vendor/laravel/framework/src/Illuminate/Foundation/PackageManifest.php(89): Illuminate\\Foundation\\PackageManifest->getManifest()
#3 /Applications/XAMPP/xamppfiles/htdocs/laravel-sanctum-api/vendor/laravel/framework/src/Illuminate/Foundation/PackageManifest.php(78): Illuminate\\Foundation\\PackageManifest->config('aliases')
#4 /Applications/XAMPP/xamppfiles/htdocs/laravel-sanctum-api/vendor/laravel/framework/src/Illuminate/Foundation/Bootstrap/RegisterFacades.php(26): Illuminate\\Foundation\\PackageManifest->aliases()
#5 /Applications/XAMPP/xamppfiles/htdocs/laravel-sanctum-api/vendor/laravel/framework/src/Illuminate/Foundation/Application.php(237): Illuminate\\Foundation\\Bootstrap\\RegisterFacades->bootstrap(Object(Illuminate\\Foundation\\Application))
#6 /Applications/XAMPP/xamppfiles/htdocs/laravel-sanctum-api/vendor/laravel/framework/src/Illuminate/Foundation/Console/Kernel.php(310): Illuminate\\Foundation\\Application->bootstrapWith(Array)
#7 /Applications/XAMPP/xamppfiles/htdocs/laravel-sanctum-api/vendor/laravel/framework/src/Illuminate/Foundation/Console/Kernel.php(127): Illuminate\\Foundation\\Console\\Kernel->bootstrap()
#8 Command line code(1): Illuminate\\Foundation\\Console\\Kernel->handle(Object(Symfony\\Component\\Console\\Input\\ArgvInput), Object(Symfony\\Component\\Console\\Output\\ConsoleOutput))
#9 {main}
"} 
[2021-08-06 20:16:55] local.ERROR: The /Applications/XAMPP/xamppfiles/htdocs/laravel-sanctum-api/bootstrap/cache directory must be present and writable. {"exception":"[object] (Exception(code: 0): The /Applications/XAMPP/xamppfiles/htdocs/laravel-sanctum-api/bootstrap/cache directory must be present and writable. at /Applications/XAMPP/xamppfiles/htdocs/laravel-sanctum-api/vendor/laravel/framework/src/Illuminate/Foundation/PackageManifest.php:177)
[stacktrace]
#0 /Applications/XAMPP/xamppfiles/htdocs/laravel-sanctum-api/vendor/laravel/framework/src/Illuminate/Foundation/PackageManifest.php(136): Illuminate\\Foundation\\PackageManifest->write(Array)
#1 /Applications/XAMPP/xamppfiles/htdocs/laravel-sanctum-api/vendor/laravel/framework/src/Illuminate/Foundation/PackageManifest.php(106): Illuminate\\Foundation\\PackageManifest->build()
#2 /Applications/XAMPP/xamppfiles/htdocs/laravel-sanctum-api/vendor/laravel/framework/src/Illuminate/Foundation/PackageManifest.php(89): Illuminate\\Foundation\\PackageManifest->getManifest()
#3 /Applications/XAMPP/xamppfiles/htdocs/laravel-sanctum-api/vendor/laravel/framework/src/Illuminate/Foundation/PackageManifest.php(78): Illuminate\\Foundation\\PackageManifest->config('aliases')
#4 /Applications/XAMPP/xamppfiles/htdocs/laravel-sanctum-api/vendor/laravel/framework/src/Illuminate/Foundation/Bootstrap/RegisterFacades.php(26): Illuminate\\Foundation\\PackageManifest->aliases()
#5 /Applications/XAMPP/xamppfiles/htdocs/laravel-sanctum-api/vendor/laravel/framework/src/Illuminate/Foundation/Application.php(237): Illuminate\\Foundation\\Bootstrap\\RegisterFacades->bootstrap(Object(Illuminate\\Foundation\\Application))
#6 /Applications/XAMPP/xamppfiles/htdocs/laravel-sanctum-api/vendor/laravel/framework/src/Illuminate/Foundation/Console/Kernel.php(310): Illuminate\\Foundation\\Application->bootstrapWith(Array)
#7 /Applications/XAMPP/xamppfiles/htdocs/laravel-sanctum-api/vendor/laravel/framework/src/Illuminate/Foundation/Console/Kernel.php(127): Illuminate\\Foundation\\Console\\Kernel->bootstrap()
#8 Command line code(1): Illuminate\\Foundation\\Console\\Kernel->handle(Object(Symfony\\Component\\Console\\Input\\ArgvInput), Object(Symfony\\Component\\Console\\Output\\ConsoleOutput))
#9 {main}
"} 
[2021-08-06 20:16:55] local.ERROR: Uncaught Illuminate\Contracts\Container\BindingResolutionException: Target [Illuminate\Contracts\Auth\Access\Gate] is not instantiable. in /Applications/XAMPP/xamppfiles/htdocs/laravel-sanctum-api/vendor/laravel/framework/src/Illuminate/Container/Container.php:1052
Stack trace:
#0 /Applications/XAMPP/xamppfiles/htdocs/laravel-sanctum-api/vendor/laravel/framework/src/Illuminate/Container/Container.php(845): Illuminate\Container\Container->notInstantiable('Illuminate\\Cont...')
#1 /Applications/XAMPP/xamppfiles/htdocs/laravel-sanctum-api/vendor/laravel/framework/src/Illuminate/Container/Container.php(717): Illuminate\Container\Container->build('Illuminate\\Cont...')
#2 /Applications/XAMPP/xamppfiles/htdocs/laravel-sanctum-api/vendor/laravel/framework/src/Illuminate/Foundation/Application.php(841): Illuminate\Container\Container->resolve('Illuminate\\Cont...', Array, true)
#3 /Applications/XAMPP/xamppfiles/htdocs/laravel-sanctum-api/vendor/laravel/framework/src/Illuminate/Container/Container.php(655): Illuminate {"exception":"[object] (Symfony\\Component\\ErrorHandler\\Error\\FatalError(code: 0): Uncaught Illuminate\\Contracts\\Container\\BindingResolutionException: Target [Illuminate\\Contracts\\Auth\\Access\\Gate] is not instantiable. in /Applications/XAMPP/xamppfiles/htdocs/laravel-sanctum-api/vendor/laravel/framework/src/Illuminate/Container/Container.php:1052
Stack trace:
#0 /Applications/XAMPP/xamppfiles/htdocs/laravel-sanctum-api/vendor/laravel/framework/src/Illuminate/Container/Container.php(845): Illuminate\\Container\\Container->notInstantiable('Illuminate\\\\Cont...')
#1 /Applications/XAMPP/xamppfiles/htdocs/laravel-sanctum-api/vendor/laravel/framework/src/Illuminate/Container/Container.php(717): Illuminate\\Container\\Container->build('Illuminate\\\\Cont...')
#2 /Applications/XAMPP/xamppfiles/htdocs/laravel-sanctum-api/vendor/laravel/framework/src/Illuminate/Foundation/Application.php(841): Illuminate\\Container\\Container->resolve('Illuminate\\\\Cont...', Array, true)
#3 /Applications/XAMPP/xamppfiles/htdocs/laravel-sanctum-api/vendor/laravel/framework/src/Illuminate/Container/Container.php(655): Illuminate at /Applications/XAMPP/xamppfiles/htdocs/laravel-sanctum-api/vendor/laravel/framework/src/Illuminate/Container/Container.php:1052)
[stacktrace]
#0 {main}
"} 
